[2022-11-12 16:31:11,369: INFO: 02_transfer_learning_even_odd]: 
********************
[2022-11-12 16:31:11,370: INFO: 02_transfer_learning_even_odd]: >>>>> stage Transfer learning started <<<<<
[2022-11-12 16:31:11,371: INFO: common]: yaml file: configs/config.yaml loaded successfully
[2022-11-12 16:31:13,257: INFO: 02_transfer_learning_even_odd]: Loaded base model summary: 
Model: "sequential"
_________________________________________________________________
 Layer (type)                Output Shape              Param #   
=================================================================
 inputLayer (Flatten)        (None, 784)               0         
                                                                 
 hiddenLayer1 (Dense)        (None, 300)               235500    
                                                                 
 leaky_re_lu (LeakyReLU)     (None, 300)               0         
                                                                 
 hiddenLayer2 (Dense)        (None, 100)               30100     
                                                                 
 leaky_re_lu_1 (LeakyReLU)   (None, 100)               0         
                                                                 
 outputLayer (Dense)         (None, 10)                1010      
                                                                 
=================================================================
Total params: 266,610
Trainable params: 266,610
Non-trainable params: 0
_________________________________________________________________

[2022-11-12 16:31:13,327: INFO: 02_transfer_learning_even_odd]: Loaded new Transfer learning model summary: 
Model: "sequential"
_________________________________________________________________
 Layer (type)                Output Shape              Param #   
=================================================================
 inputLayer (Flatten)        (None, 784)               0         
                                                                 
 hiddenLayer1 (Dense)        (None, 300)               235500    
                                                                 
 leaky_re_lu (LeakyReLU)     (None, 300)               0         
                                                                 
 hiddenLayer2 (Dense)        (None, 100)               30100     
                                                                 
 leaky_re_lu_1 (LeakyReLU)   (None, 100)               0         
                                                                 
 output_layer (Dense)        (None, 2)                 202       
                                                                 
=================================================================
Total params: 265,802
Trainable params: 202
Non-trainable params: 265,600
_________________________________________________________________

[2022-11-12 16:32:29,766: INFO: 02_transfer_learning_even_odd]: Base model is saved at artifacts\models\even_odd_model.h5
[2022-11-12 16:32:31,307: INFO: 02_transfer_learning_even_odd]: Evaluation metrics [0.2876451313495636, 0.8810999989509583]
[2022-11-12 16:32:31,400: INFO: 02_transfer_learning_even_odd]: >>>>> stage Transfer learning completed!<<<<<

[2022-11-12 16:52:19,835: INFO: 03_transfer_learning_greater_than_less_than_5]: 
********************
[2022-11-12 16:52:19,835: INFO: 03_transfer_learning_greater_than_less_than_5]: >>>>> stage Transfer learning 2 started <<<<<
[2022-11-12 16:52:19,836: INFO: common]: yaml file: configs/config.yaml loaded successfully
[2022-11-12 16:52:20,448: ERROR: 03_transfer_learning_greater_than_less_than_5]: name 'update_even_odd_labels' is not defined
Traceback (most recent call last):
  File "src/03_transfer_learning_greater_than_less_than_5.py", line 136, in <module>
    main(config_path=parsed_args.config)
  File "src/03_transfer_learning_greater_than_less_than_5.py", line 44, in main
    y_train_bin,y_test_bin,y_valid_bin = update_even_odd_labels([y_train,y_test,y_valid])
NameError: name 'update_even_odd_labels' is not defined
[2022-11-12 16:52:59,505: INFO: 03_transfer_learning_greater_than_less_than_5]: 
********************
[2022-11-12 16:52:59,506: INFO: 03_transfer_learning_greater_than_less_than_5]: >>>>> stage Transfer learning 2 started <<<<<
[2022-11-12 16:52:59,507: INFO: common]: yaml file: configs/config.yaml loaded successfully
[2022-11-12 16:53:01,269: INFO: 03_transfer_learning_greater_than_less_than_5]: Loaded base model summary: 
Model: "sequential"
_________________________________________________________________
 Layer (type)                Output Shape              Param #   
=================================================================
 inputLayer (Flatten)        (None, 784)               0         
                                                                 
 hiddenLayer1 (Dense)        (None, 300)               235500    
                                                                 
 leaky_re_lu (LeakyReLU)     (None, 300)               0         
                                                                 
 hiddenLayer2 (Dense)        (None, 100)               30100     
                                                                 
 leaky_re_lu_1 (LeakyReLU)   (None, 100)               0         
                                                                 
 outputLayer (Dense)         (None, 10)                1010      
                                                                 
=================================================================
Total params: 266,610
Trainable params: 266,610
Non-trainable params: 0
_________________________________________________________________

[2022-11-12 16:53:01,328: INFO: 03_transfer_learning_greater_than_less_than_5]: Loaded new Transfer learning model 2 summary: 
Model: "sequential"
_________________________________________________________________
 Layer (type)                Output Shape              Param #   
=================================================================
 inputLayer (Flatten)        (None, 784)               0         
                                                                 
 hiddenLayer1 (Dense)        (None, 300)               235500    
                                                                 
 leaky_re_lu (LeakyReLU)     (None, 300)               0         
                                                                 
 hiddenLayer2 (Dense)        (None, 100)               30100     
                                                                 
 leaky_re_lu_1 (LeakyReLU)   (None, 100)               0         
                                                                 
 output_layer (Dense)        (None, 2)                 202       
                                                                 
=================================================================
Total params: 265,802
Trainable params: 202
Non-trainable params: 265,600
_________________________________________________________________

[2022-11-12 16:53:46,855: INFO: 03_transfer_learning_greater_than_less_than_5]: Base model is saved at artifacts\models\greater_than_less_than_model.h5
[2022-11-12 16:53:47,760: INFO: 03_transfer_learning_greater_than_less_than_5]: Evaluation metrics [0.33516639471054077, 0.8676000237464905]
[2022-11-12 16:53:47,798: INFO: 03_transfer_learning_greater_than_less_than_5]: >>>>> stage Transfer learning 2 completed!<<<<<

[2022-11-12 17:09:25,496: INFO: 01.01_base_model_creation_bin]: 
********************
[2022-11-12 17:09:25,496: INFO: 01.01_base_model_creation_bin]: >>>>> stage Creating binary model from scratch started <<<<<
[2022-11-12 17:09:25,497: INFO: common]: yaml file: configs/config.yaml loaded successfully
[2022-11-12 17:09:26,916: INFO: 01.01_base_model_creation_bin]: Creating binary model from scratch summary: 
Model: "sequential"
_________________________________________________________________
 Layer (type)                Output Shape              Param #   
=================================================================
 inputLayer (Flatten)        (None, 784)               0         
                                                                 
 hiddenLayer1 (Dense)        (None, 300)               235500    
                                                                 
 leaky_re_lu (LeakyReLU)     (None, 300)               0         
                                                                 
 hiddenLayer2 (Dense)        (None, 100)               30100     
                                                                 
 leaky_re_lu_1 (LeakyReLU)   (None, 100)               0         
                                                                 
 outputLayer (Dense)         (None, 2)                 202       
                                                                 
=================================================================
Total params: 265,802
Trainable params: 265,802
Non-trainable params: 0
_________________________________________________________________

[2022-11-12 17:10:03,667: INFO: common]: created directory at: artifacts\models
[2022-11-12 17:10:03,774: INFO: 01.01_base_model_creation_bin]: Base model is saved at artifacts\models\bin_scratch_model.h5
[2022-11-12 17:10:04,290: INFO: 01.01_base_model_creation_bin]: Evaluation metrics [0.169950470328331, 0.9395999908447266]
[2022-11-12 17:10:04,320: INFO: 01.01_base_model_creation_bin]: >>>>> stage Creating binary model from scratch completed!<<<<<

[2022-11-12 17:33:44,146: INFO: 02_transfer_learning_even_odd]: 
********************
[2022-11-12 17:33:44,146: INFO: 02_transfer_learning_even_odd]: >>>>> stage Transfer learning started <<<<<
[2022-11-12 17:33:44,147: INFO: common]: yaml file: configs/config.yaml loaded successfully
[2022-11-12 17:33:45,627: INFO: 02_transfer_learning_even_odd]: Loaded base model summary: 
Model: "sequential"
_________________________________________________________________
 Layer (type)                Output Shape              Param #   
=================================================================
 inputLayer (Flatten)        (None, 784)               0         
                                                                 
 hiddenLayer1 (Dense)        (None, 300)               235500    
                                                                 
 leaky_re_lu (LeakyReLU)     (None, 300)               0         
                                                                 
 hiddenLayer2 (Dense)        (None, 100)               30100     
                                                                 
 leaky_re_lu_1 (LeakyReLU)   (None, 100)               0         
                                                                 
 outputLayer (Dense)         (None, 10)                1010      
                                                                 
=================================================================
Total params: 266,610
Trainable params: 266,610
Non-trainable params: 0
_________________________________________________________________

[2022-11-12 17:33:45,662: INFO: 02_transfer_learning_even_odd]: Loaded new Transfer learning model summary: 
Model: "sequential"
_________________________________________________________________
 Layer (type)                Output Shape              Param #   
=================================================================
 inputLayer (Flatten)        (None, 784)               0         
                                                                 
 hiddenLayer1 (Dense)        (None, 300)               235500    
                                                                 
 leaky_re_lu (LeakyReLU)     (None, 300)               0         
                                                                 
 hiddenLayer2 (Dense)        (None, 100)               30100     
                                                                 
 leaky_re_lu_1 (LeakyReLU)   (None, 100)               0         
                                                                 
 output_layer (Dense)        (None, 2)                 202       
                                                                 
=================================================================
Total params: 265,802
Trainable params: 202
Non-trainable params: 265,600
_________________________________________________________________

[2022-11-12 17:34:10,233: INFO: 02_transfer_learning_even_odd]: Base model is saved at artifacts\models\even_odd_model.h5
[2022-11-12 17:34:10,760: INFO: 02_transfer_learning_even_odd]: Evaluation metrics [0.28047019243240356, 0.8858000040054321]
[2022-11-12 17:34:10,788: INFO: 02_transfer_learning_even_odd]: >>>>> stage Transfer learning completed!<<<<<

[2022-11-12 23:00:21,169: INFO: 01_base_model_creation]: 
********************
[2022-11-12 23:00:21,180: INFO: 01_base_model_creation]: >>>>> stage Base model started <<<<<
[2022-11-12 23:00:21,182: INFO: common]: yaml file: configs/config.yaml loaded successfully
[2022-11-12 23:00:30,468: INFO: 01_base_model_creation]: Base model summary: 
Model: "sequential"
_________________________________________________________________
 Layer (type)                Output Shape              Param #   
=================================================================
 inputLayer (Flatten)        (None, 784)               0         
                                                                 
 hiddenLayer1 (Dense)        (None, 300)               235500    
                                                                 
 leaky_re_lu (LeakyReLU)     (None, 300)               0         
                                                                 
 hiddenLayer2 (Dense)        (None, 100)               30100     
                                                                 
 leaky_re_lu_1 (LeakyReLU)   (None, 100)               0         
                                                                 
 outputLayer (Dense)         (None, 10)                1010      
                                                                 
=================================================================
Total params: 266,610
Trainable params: 266,610
Non-trainable params: 0
_________________________________________________________________

[2022-11-12 23:02:34,798: INFO: common]: created directory at: artifacts\models
[2022-11-12 23:02:35,258: INFO: 01_base_model_creation]: Base model is saved at artifacts\models\base_model.h5
[2022-11-12 23:02:37,052: INFO: 01_base_model_creation]: Evaluation metrics [0.31270354986190796, 0.9100000262260437]
[2022-11-12 23:02:37,111: INFO: 01_base_model_creation]: >>>>> stage Base model completed!<<<<<

[2022-11-12 23:09:14,570: INFO: 01.01_base_model_creation_bin]: 
********************
[2022-11-12 23:09:14,571: INFO: 01.01_base_model_creation_bin]: >>>>> stage Creating binary model from scratch started <<<<<
[2022-11-12 23:09:14,575: INFO: common]: yaml file: configs/config.yaml loaded successfully
[2022-11-12 23:09:16,813: INFO: 01.01_base_model_creation_bin]: Creating binary model from scratch summary: 
Model: "sequential"
_________________________________________________________________
 Layer (type)                Output Shape              Param #   
=================================================================
 inputLayer (Flatten)        (None, 784)               0         
                                                                 
 hiddenLayer1 (Dense)        (None, 300)               235500    
                                                                 
 leaky_re_lu (LeakyReLU)     (None, 300)               0         
                                                                 
 hiddenLayer2 (Dense)        (None, 100)               30100     
                                                                 
 leaky_re_lu_1 (LeakyReLU)   (None, 100)               0         
                                                                 
 outputLayer (Dense)         (None, 2)                 202       
                                                                 
=================================================================
Total params: 265,802
Trainable params: 265,802
Non-trainable params: 0
_________________________________________________________________

[2022-11-12 23:10:40,833: INFO: common]: created directory at: artifacts\models
[2022-11-12 23:10:41,001: INFO: 01.01_base_model_creation_bin]: Base model is saved at artifacts\models\bin_scratch_model.h5
[2022-11-12 23:10:42,009: INFO: 01.01_base_model_creation_bin]: Evaluation metrics [0.16609685122966766, 0.9409999847412109]
[2022-11-12 23:10:42,068: INFO: 01.01_base_model_creation_bin]: >>>>> stage Creating binary model from scratch completed!<<<<<

[2022-11-12 23:11:57,938: INFO: 01.01_base_model_creation_bin]: 
********************
[2022-11-12 23:11:57,938: INFO: 01.01_base_model_creation_bin]: >>>>> stage Creating binary model from scratch started <<<<<
[2022-11-12 23:11:57,940: INFO: common]: yaml file: configs/config.yaml loaded successfully
[2022-11-12 23:11:59,770: INFO: 01.01_base_model_creation_bin]: Creating binary model from scratch summary: 
Model: "sequential"
_________________________________________________________________
 Layer (type)                Output Shape              Param #   
=================================================================
 inputLayer (Flatten)        (None, 784)               0         
                                                                 
 hiddenLayer1 (Dense)        (None, 300)               235500    
                                                                 
 leaky_re_lu (LeakyReLU)     (None, 300)               0         
                                                                 
 hiddenLayer2 (Dense)        (None, 100)               30100     
                                                                 
 leaky_re_lu_1 (LeakyReLU)   (None, 100)               0         
                                                                 
 outputLayer (Dense)         (None, 2)                 202       
                                                                 
=================================================================
Total params: 265,802
Trainable params: 265,802
Non-trainable params: 0
_________________________________________________________________

[2022-11-12 23:13:27,303: INFO: 01.01_base_model_creation_bin]: The time of execution of training the binary base model is :87523.13423156738 ms
[2022-11-12 23:13:27,304: INFO: common]: created directory at: artifacts\models
[2022-11-12 23:13:27,449: INFO: 01.01_base_model_creation_bin]: Base model is saved at artifacts\models\bin_scratch_model.h5
[2022-11-12 23:13:28,722: INFO: 01.01_base_model_creation_bin]: Evaluation metrics [0.17002494633197784, 0.9401999711990356]
[2022-11-12 23:13:28,788: INFO: 01.01_base_model_creation_bin]: >>>>> stage Creating binary model from scratch completed!<<<<<

[2022-11-12 23:16:27,142: INFO: 02_transfer_learning_even_odd]: 
********************
[2022-11-12 23:16:27,142: INFO: 02_transfer_learning_even_odd]: >>>>> stage Transfer learning started <<<<<
[2022-11-12 23:16:27,155: INFO: common]: yaml file: configs/config.yaml loaded successfully
[2022-11-12 23:16:29,583: INFO: 02_transfer_learning_even_odd]: Loaded base model summary: 
Model: "sequential"
_________________________________________________________________
 Layer (type)                Output Shape              Param #   
=================================================================
 inputLayer (Flatten)        (None, 784)               0         
                                                                 
 hiddenLayer1 (Dense)        (None, 300)               235500    
                                                                 
 leaky_re_lu (LeakyReLU)     (None, 300)               0         
                                                                 
 hiddenLayer2 (Dense)        (None, 100)               30100     
                                                                 
 leaky_re_lu_1 (LeakyReLU)   (None, 100)               0         
                                                                 
 outputLayer (Dense)         (None, 10)                1010      
                                                                 
=================================================================
Total params: 266,610
Trainable params: 266,610
Non-trainable params: 0
_________________________________________________________________

[2022-11-12 23:16:29,683: INFO: 02_transfer_learning_even_odd]: Loaded new Transfer learning model summary: 
Model: "sequential"
_________________________________________________________________
 Layer (type)                Output Shape              Param #   
=================================================================
 inputLayer (Flatten)        (None, 784)               0         
                                                                 
 hiddenLayer1 (Dense)        (None, 300)               235500    
                                                                 
 leaky_re_lu (LeakyReLU)     (None, 300)               0         
                                                                 
 hiddenLayer2 (Dense)        (None, 100)               30100     
                                                                 
 leaky_re_lu_1 (LeakyReLU)   (None, 100)               0         
                                                                 
 output_layer (Dense)        (None, 2)                 202       
                                                                 
=================================================================
Total params: 265,802
Trainable params: 202
Non-trainable params: 265,600
_________________________________________________________________

[2022-11-12 23:17:39,468: INFO: 02_transfer_learning_even_odd]: Base model is saved at artifacts\models\even_odd_model.h5
[2022-11-12 23:17:41,094: INFO: 02_transfer_learning_even_odd]: Evaluation metrics [0.28664907813072205, 0.8806999921798706]
[2022-11-12 23:17:41,179: INFO: 02_transfer_learning_even_odd]: >>>>> stage Transfer learning completed!<<<<<

[2022-11-12 23:19:07,989: INFO: 02_transfer_learning_even_odd]: 
********************
[2022-11-12 23:19:07,990: INFO: 02_transfer_learning_even_odd]: >>>>> stage Transfer learning started <<<<<
[2022-11-12 23:19:07,994: INFO: common]: yaml file: configs/config.yaml loaded successfully
[2022-11-12 23:19:09,952: INFO: 02_transfer_learning_even_odd]: Loaded base model summary: 
Model: "sequential"
_________________________________________________________________
 Layer (type)                Output Shape              Param #   
=================================================================
 inputLayer (Flatten)        (None, 784)               0         
                                                                 
 hiddenLayer1 (Dense)        (None, 300)               235500    
                                                                 
 leaky_re_lu (LeakyReLU)     (None, 300)               0         
                                                                 
 hiddenLayer2 (Dense)        (None, 100)               30100     
                                                                 
 leaky_re_lu_1 (LeakyReLU)   (None, 100)               0         
                                                                 
 outputLayer (Dense)         (None, 10)                1010      
                                                                 
=================================================================
Total params: 266,610
Trainable params: 266,610
Non-trainable params: 0
_________________________________________________________________

[2022-11-12 23:19:10,109: INFO: 02_transfer_learning_even_odd]: Loaded new Transfer learning model summary: 
Model: "sequential"
_________________________________________________________________
 Layer (type)                Output Shape              Param #   
=================================================================
 inputLayer (Flatten)        (None, 784)               0         
                                                                 
 hiddenLayer1 (Dense)        (None, 300)               235500    
                                                                 
 leaky_re_lu (LeakyReLU)     (None, 300)               0         
                                                                 
 hiddenLayer2 (Dense)        (None, 100)               30100     
                                                                 
 leaky_re_lu_1 (LeakyReLU)   (None, 100)               0         
                                                                 
 output_layer (Dense)        (None, 2)                 202       
                                                                 
=================================================================
Total params: 265,802
Trainable params: 202
Non-trainable params: 265,600
_________________________________________________________________

[2022-11-12 23:20:26,120: INFO: 02_transfer_learning_even_odd]: The time of execution of training the transfer learning model is :75990.27991294861 ms
[2022-11-12 23:20:26,384: INFO: 02_transfer_learning_even_odd]: Base model is saved at artifacts\models\even_odd_model.h5
[2022-11-12 23:20:27,697: INFO: 02_transfer_learning_even_odd]: Evaluation metrics [0.2909659445285797, 0.8797000050544739]
[2022-11-12 23:20:27,736: INFO: 02_transfer_learning_even_odd]: >>>>> stage Transfer learning completed!<<<<<

[2022-11-13 00:00:08,859: INFO: 01.02_base_model_creation_bin_and_output_sigmoid]: 
********************
[2022-11-13 00:00:08,860: INFO: 01.02_base_model_creation_bin_and_output_sigmoid]: >>>>> stage Creating binary model from scratch started <<<<<
[2022-11-13 00:00:08,864: INFO: common]: yaml file: configs/config.yaml loaded successfully
[2022-11-13 00:00:13,339: INFO: 01.02_base_model_creation_bin_and_output_sigmoid]: Creating binary model from scratch summary: 
Model: "sequential"
_________________________________________________________________
 Layer (type)                Output Shape              Param #   
=================================================================
 inputLayer (Flatten)        (None, 784)               0         
                                                                 
 hiddenLayer1 (Dense)        (None, 300)               235500    
                                                                 
 leaky_re_lu (LeakyReLU)     (None, 300)               0         
                                                                 
 hiddenLayer2 (Dense)        (None, 100)               30100     
                                                                 
 leaky_re_lu_1 (LeakyReLU)   (None, 100)               0         
                                                                 
 outputLayer (Dense)         (None, 1)                 101       
                                                                 
=================================================================
Total params: 265,701
Trainable params: 265,701
Non-trainable params: 0
_________________________________________________________________

[2022-11-13 00:01:57,469: INFO: 01.02_base_model_creation_bin_and_output_sigmoid]: The time of execution of training the binary base model is :104129.12392616272 ms
[2022-11-13 00:01:57,470: INFO: common]: created directory at: artifacts\models
[2022-11-13 00:01:57,911: INFO: 01.02_base_model_creation_bin_and_output_sigmoid]: Base model is saved at artifacts\models\bin_scratch_model.h5
[2022-11-13 00:01:59,197: INFO: 01.02_base_model_creation_bin_and_output_sigmoid]: Evaluation metrics [0.21030759811401367, 0.923799991607666]
[2022-11-13 00:01:59,255: INFO: 01.02_base_model_creation_bin_and_output_sigmoid]: >>>>> stage Creating binary model from scratch completed!<<<<<

[2022-11-13 00:03:54,719: INFO: 01.01_base_model_creation_bin]: 
********************
[2022-11-13 00:03:54,719: INFO: 01.01_base_model_creation_bin]: >>>>> stage Creating binary model from scratch started <<<<<
[2022-11-13 00:03:54,723: INFO: common]: yaml file: configs/config.yaml loaded successfully
[2022-11-13 00:03:56,851: INFO: 01.01_base_model_creation_bin]: Creating binary model from scratch summary: 
Model: "sequential"
_________________________________________________________________
 Layer (type)                Output Shape              Param #   
=================================================================
 inputLayer (Flatten)        (None, 784)               0         
                                                                 
 hiddenLayer1 (Dense)        (None, 300)               235500    
                                                                 
 leaky_re_lu (LeakyReLU)     (None, 300)               0         
                                                                 
 hiddenLayer2 (Dense)        (None, 100)               30100     
                                                                 
 leaky_re_lu_1 (LeakyReLU)   (None, 100)               0         
                                                                 
 outputLayer (Dense)         (None, 2)                 202       
                                                                 
=================================================================
Total params: 265,802
Trainable params: 265,802
Non-trainable params: 0
_________________________________________________________________

[2022-11-13 00:05:29,576: INFO: 01.01_base_model_creation_bin]: The time of execution of training the binary base model is :92724.44128990173 ms
[2022-11-13 00:05:29,577: INFO: common]: created directory at: artifacts\models
[2022-11-13 00:05:29,991: INFO: 01.01_base_model_creation_bin]: Base model is saved at artifacts\models\bin_scratch_model.h5
[2022-11-13 00:05:30,938: INFO: 01.01_base_model_creation_bin]: Evaluation metrics [0.172263041138649, 0.9383000135421753]
[2022-11-13 00:05:30,986: INFO: 01.01_base_model_creation_bin]: >>>>> stage Creating binary model from scratch completed!<<<<<

[2022-11-13 00:10:18,674: INFO: 02_transfer_learning_even_odd]: 
********************
[2022-11-13 00:10:18,674: INFO: 02_transfer_learning_even_odd]: >>>>> stage Transfer learning started <<<<<
[2022-11-13 00:10:18,678: INFO: common]: yaml file: configs/config.yaml loaded successfully
[2022-11-13 00:10:20,980: INFO: 02_transfer_learning_even_odd]: Loaded base model summary: 
Model: "sequential"
_________________________________________________________________
 Layer (type)                Output Shape              Param #   
=================================================================
 inputLayer (Flatten)        (None, 784)               0         
                                                                 
 hiddenLayer1 (Dense)        (None, 300)               235500    
                                                                 
 leaky_re_lu (LeakyReLU)     (None, 300)               0         
                                                                 
 hiddenLayer2 (Dense)        (None, 100)               30100     
                                                                 
 leaky_re_lu_1 (LeakyReLU)   (None, 100)               0         
                                                                 
 outputLayer (Dense)         (None, 10)                1010      
                                                                 
=================================================================
Total params: 266,610
Trainable params: 266,610
Non-trainable params: 0
_________________________________________________________________

[2022-11-13 00:10:21,130: INFO: 02_transfer_learning_even_odd]: Loaded new Transfer learning model summary: 
Model: "sequential"
_________________________________________________________________
 Layer (type)                Output Shape              Param #   
=================================================================
 inputLayer (Flatten)        (None, 784)               0         
                                                                 
 hiddenLayer1 (Dense)        (None, 300)               235500    
                                                                 
 leaky_re_lu (LeakyReLU)     (None, 300)               0         
                                                                 
 hiddenLayer2 (Dense)        (None, 100)               30100     
                                                                 
 leaky_re_lu_1 (LeakyReLU)   (None, 100)               0         
                                                                 
 output_layer (Dense)        (None, 2)                 202       
                                                                 
=================================================================
Total params: 265,802
Trainable params: 202
Non-trainable params: 265,600
_________________________________________________________________

[2022-11-13 00:11:29,197: INFO: 02_transfer_learning_even_odd]: The time of execution of training the transfer learning model is :68053.21979522705 ms
[2022-11-13 00:11:29,476: INFO: 02_transfer_learning_even_odd]: Base model is saved at artifacts\models\even_odd_model.h5
[2022-11-13 00:11:30,739: INFO: 02_transfer_learning_even_odd]: Evaluation metrics [0.28790587186813354, 0.8809000253677368]
[2022-11-13 00:11:30,776: INFO: 02_transfer_learning_even_odd]: >>>>> stage Transfer learning completed!<<<<<

[2022-11-13 00:11:57,505: INFO: 01.01_base_model_creation_bin]: 
********************
[2022-11-13 00:11:57,505: INFO: 01.01_base_model_creation_bin]: >>>>> stage Creating binary model from scratch started <<<<<
[2022-11-13 00:11:57,508: INFO: common]: yaml file: configs/config.yaml loaded successfully
[2022-11-13 00:11:59,301: INFO: 01.01_base_model_creation_bin]: Creating binary model from scratch summary: 
Model: "sequential"
_________________________________________________________________
 Layer (type)                Output Shape              Param #   
=================================================================
 inputLayer (Flatten)        (None, 784)               0         
                                                                 
 hiddenLayer1 (Dense)        (None, 300)               235500    
                                                                 
 leaky_re_lu (LeakyReLU)     (None, 300)               0         
                                                                 
 hiddenLayer2 (Dense)        (None, 100)               30100     
                                                                 
 leaky_re_lu_1 (LeakyReLU)   (None, 100)               0         
                                                                 
 outputLayer (Dense)         (None, 2)                 202       
                                                                 
=================================================================
Total params: 265,802
Trainable params: 265,802
Non-trainable params: 0
_________________________________________________________________

[2022-11-13 00:13:27,333: INFO: 01.01_base_model_creation_bin]: The time of execution of training the binary base model is :88031.87823295593 ms
[2022-11-13 00:13:27,334: INFO: common]: created directory at: artifacts\models
[2022-11-13 00:13:27,524: INFO: 01.01_base_model_creation_bin]: Base model is saved at artifacts\models\bin_scratch_model.h5
[2022-11-13 00:13:28,893: INFO: 01.01_base_model_creation_bin]: Evaluation metrics [0.17436759173870087, 0.9375]
[2022-11-13 00:13:28,935: INFO: 01.01_base_model_creation_bin]: >>>>> stage Creating binary model from scratch completed!<<<<<

